<?xml version="1.0" encoding="UTF-8" ?>
<testsuite failures="0" time="1.836" errors="0" skipped="0" tests="23" name="TestSuite">
  <properties>
    <property name="java.runtime.name" value="Java(TM) SE Runtime Environment"/>
    <property name="sun.boot.library.path" value="/System/Library/Java/JavaVirtualMachines/1.6.0.jdk/Contents/Libraries"/>
    <property name="java.vm.version" value="20.10-b01-428"/>
    <property name="awt.nativeDoubleBuffering" value="true"/>
    <property name="gopherProxySet" value="false"/>
    <property name="mrj.build" value="11M3811"/>
    <property name="java.vm.vendor" value="Apple Inc."/>
    <property name="java.vendor.url" value="http://www.apple.com/"/>
    <property name="path.separator" value=":"/>
    <property name="java.vm.name" value="Java HotSpot(TM) 64-Bit Server VM"/>
    <property name="file.encoding.pkg" value="sun.io"/>
    <property name="user.country" value="CN"/>
    <property name="sun.java.launcher" value="SUN_STANDARD"/>
    <property name="sun.os.patch.level" value="unknown"/>
    <property name="java.vm.specification.name" value="Java Virtual Machine Specification"/>
    <property name="user.dir" value="/Users/zhanghaojie/Documents/workspace/top/rop"/>
    <property name="java.runtime.version" value="1.6.0_35-b10-428-11M3811"/>
    <property name="java.awt.graphicsenv" value="apple.awt.CGraphicsEnvironment"/>
    <property name="basedir" value="/Users/zhanghaojie/Documents/workspace/top/rop"/>
    <property name="java.endorsed.dirs" value="/System/Library/Java/JavaVirtualMachines/1.6.0.jdk/Contents/Home/lib/endorsed"/>
    <property name="os.arch" value="x86_64"/>
    <property name="surefire.real.class.path" value="/Users/zhanghaojie/Documents/workspace/top/rop/target/surefire/surefirebooter7385366477344214023.jar"/>
    <property name="java.io.tmpdir" value="/var/folders/m2/98mwmggj7230dsvst6phwymc0000gn/T/"/>
    <property name="line.separator" value="
"/>
    <property name="java.vm.specification.vendor" value="Sun Microsystems Inc."/>
    <property name="os.name" value="Mac OS X"/>
    <property name="sun.jnu.encoding" value="EUC_CN"/>
    <property name="java.library.path" value="/Applications/IntelliJ IDEA 11.app/Contents/Resources/Java:/System/Library/PrivateFrameworks/JavaApplicationLauncher.framework/Resources:.:/Library/Java/Extensions:/System/Library/Java/Extensions:/usr/lib/java"/>
    <property name="surefire.test.class.path" value="/Users/zhanghaojie/Documents/workspace/top/rop/target/test-classes:/Users/zhanghaojie/Documents/workspace/top/rop/target/classes:/Users/zhanghaojie/.m2/repository/org/slf4j/slf4j-api/1.6.1/slf4j-api-1.6.1.jar:/Users/zhanghaojie/.m2/repository/org/slf4j/slf4j-log4j12/1.6.1/slf4j-log4j12-1.6.1.jar:/Users/zhanghaojie/.m2/repository/log4j/log4j/1.2.16/log4j-1.2.16.jar:/Users/zhanghaojie/.m2/repository/commons-lang/commons-lang/2.4/commons-lang-2.4.jar:/Users/zhanghaojie/.m2/repository/commons-codec/commons-codec/1.6/commons-codec-1.6.jar:/Users/zhanghaojie/.m2/repository/org/springframework/spring-core/3.1.1.RELEASE/spring-core-3.1.1.RELEASE.jar:/Users/zhanghaojie/.m2/repository/org/springframework/spring-asm/3.1.1.RELEASE/spring-asm-3.1.1.RELEASE.jar:/Users/zhanghaojie/.m2/repository/commons-logging/commons-logging/1.1.1/commons-logging-1.1.1.jar:/Users/zhanghaojie/.m2/repository/org/springframework/spring-context/3.1.1.RELEASE/spring-context-3.1.1.RELEASE.jar:/Users/zhanghaojie/.m2/repository/org/springframework/spring-aop/3.1.1.RELEASE/spring-aop-3.1.1.RELEASE.jar:/Users/zhanghaojie/.m2/repository/org/springframework/spring-beans/3.1.1.RELEASE/spring-beans-3.1.1.RELEASE.jar:/Users/zhanghaojie/.m2/repository/org/springframework/spring-expression/3.1.1.RELEASE/spring-expression-3.1.1.RELEASE.jar:/Users/zhanghaojie/.m2/repository/org/springframework/spring-context-support/3.1.1.RELEASE/spring-context-support-3.1.1.RELEASE.jar:/Users/zhanghaojie/.m2/repository/org/springframework/spring-web/3.1.1.RELEASE/spring-web-3.1.1.RELEASE.jar:/Users/zhanghaojie/.m2/repository/aopalliance/aopalliance/1.0/aopalliance-1.0.jar:/Users/zhanghaojie/.m2/repository/org/springframework/spring-test/3.1.1.RELEASE/spring-test-3.1.1.RELEASE.jar:/Users/zhanghaojie/.m2/repository/org/springframework/spring-webmvc/3.1.1.RELEASE/spring-webmvc-3.1.1.RELEASE.jar:/Users/zhanghaojie/.m2/repository/org/testng/testng/6.3/testng-6.3.jar:/Users/zhanghaojie/.m2/repository/junit/junit/3.8.1/junit-3.8.1.jar:/Users/zhanghaojie/.m2/repository/org/beanshell/bsh/2.0b4/bsh-2.0b4.jar:/Users/zhanghaojie/.m2/repository/com/beust/jcommander/1.12/jcommander-1.12.jar:/Users/zhanghaojie/.m2/repository/org/yaml/snakeyaml/1.6/snakeyaml-1.6.jar:/Users/zhanghaojie/.m2/repository/org/mockito/mockito-all/1.8.5/mockito-all-1.8.5.jar:/Users/zhanghaojie/.m2/repository/javax/servlet/servlet-api/2.5/servlet-api-2.5.jar:/Users/zhanghaojie/.m2/repository/org/unitils/unitils-core/3.3/unitils-core-3.3.jar:/Users/zhanghaojie/.m2/repository/commons-collections/commons-collections/3.2/commons-collections-3.2.jar:/Users/zhanghaojie/.m2/repository/ognl/ognl/2.6.9/ognl-2.6.9.jar:/Users/zhanghaojie/.m2/repository/org/unitils/unitils-testng/3.3/unitils-testng-3.3.jar:/Users/zhanghaojie/.m2/repository/org/testng/testng/5.8/testng-5.8-jdk15.jar:/Users/zhanghaojie/.m2/repository/org/unitils/unitils-spring/3.3/unitils-spring-3.3.jar:/Users/zhanghaojie/.m2/repository/org/springframework/spring-tx/2.5.2/spring-tx-2.5.2.jar:/Users/zhanghaojie/.m2/repository/org/unitils/unitils-database/3.3/unitils-database-3.3.jar:/Users/zhanghaojie/.m2/repository/org/unitils/unitils-dbmaintainer/3.3/unitils-dbmaintainer-3.3.jar:/Users/zhanghaojie/.m2/repository/org/hibernate/hibernate/3.2.5.ga/hibernate-3.2.5.ga.jar:/Users/zhanghaojie/.m2/repository/net/sf/ehcache/ehcache/1.2.3/ehcache-1.2.3.jar:/Users/zhanghaojie/.m2/repository/asm/asm-attrs/1.5.3/asm-attrs-1.5.3.jar:/Users/zhanghaojie/.m2/repository/dom4j/dom4j/1.6.1/dom4j-1.6.1.jar:/Users/zhanghaojie/.m2/repository/antlr/antlr/2.7.6/antlr-2.7.6.jar:/Users/zhanghaojie/.m2/repository/cglib/cglib/2.1_3/cglib-2.1_3.jar:/Users/zhanghaojie/.m2/repository/asm/asm/1.5.3/asm-1.5.3.jar:/Users/zhanghaojie/.m2/repository/org/dbunit/dbunit/2.2.2/dbunit-2.2.2.jar:/Users/zhanghaojie/.m2/repository/junit-addons/junit-addons/1.4/junit-addons-1.4.jar:/Users/zhanghaojie/.m2/repository/xerces/xercesImpl/2.6.2/xercesImpl-2.6.2.jar:/Users/zhanghaojie/.m2/repository/xerces/xmlParserAPIs/2.6.2/xmlParserAPIs-2.6.2.jar:/Users/zhanghaojie/.m2/repository/poi/poi/2.5.1-final-20040804/poi-2.5.1-final-20040804.jar:/Users/zhanghaojie/.m2/repository/org/slf4j/slf4j-nop/1.4.3/slf4j-nop-1.4.3.jar:/Users/zhanghaojie/.m2/repository/commons-dbcp/commons-dbcp/1.2.2/commons-dbcp-1.2.2.jar:/Users/zhanghaojie/.m2/repository/commons-pool/commons-pool/1.3/commons-pool-1.3.jar:/Users/zhanghaojie/.m2/repository/org/springframework/spring-jdbc/2.5.2/spring-jdbc-2.5.2.jar:/Users/zhanghaojie/.m2/repository/javax/validation/validation-api/1.0.0.GA/validation-api-1.0.0.GA.jar:/Users/zhanghaojie/.m2/repository/org/hibernate/hibernate-validator/4.2.0.Final/hibernate-validator-4.2.0.Final.jar:/Users/zhanghaojie/.m2/repository/org/codehaus/jackson/jackson-core-asl/1.9.5/jackson-core-asl-1.9.5.jar:/Users/zhanghaojie/.m2/repository/org/codehaus/jackson/jackson-mapper-asl/1.9.5/jackson-mapper-asl-1.9.5.jar:/Users/zhanghaojie/.m2/repository/org/codehaus/jackson/jackson-jaxrs/1.9.5/jackson-jaxrs-1.9.5.jar:/Users/zhanghaojie/.m2/repository/org/codehaus/jackson/jackson-xc/1.9.5/jackson-xc-1.9.5.jar:/Users/zhanghaojie/.m2/repository/com/fasterxml/jackson/dataformat/jackson-dataformat-xml/2.0.0-RC2/jackson-dataformat-xml-2.0.0-RC2.jar:/Users/zhanghaojie/.m2/repository/com/fasterxml/jackson/core/jackson-core/2.0.0-RC2/jackson-core-2.0.0-RC2.jar:/Users/zhanghaojie/.m2/repository/com/fasterxml/jackson/core/jackson-annotations/2.0.0-RC2/jackson-annotations-2.0.0-RC2.jar:/Users/zhanghaojie/.m2/repository/com/fasterxml/jackson/core/jackson-databind/2.0.0-RC2/jackson-databind-2.0.0-RC2.jar:/Users/zhanghaojie/.m2/repository/com/fasterxml/jackson/module/jackson-module-jaxb-annotations/2.0.0-RC2/jackson-module-jaxb-annotations-2.0.0-RC2.jar:/Users/zhanghaojie/.m2/repository/org/codehaus/woodstox/stax2-api/3.1.1/stax2-api-3.1.1.jar:/Users/zhanghaojie/.m2/repository/javax/xml/stream/stax-api/1.0-2/stax-api-1.0-2.jar:"/>
    <property name="java.specification.name" value="Java Platform API Specification"/>
    <property name="java.class.version" value="50.0"/>
    <property name="sun.management.compiler" value="HotSpot 64-Bit Tiered Compilers"/>
    <property name="os.version" value="10.8.2"/>
    <property name="http.nonProxyHosts" value="local|*.local|169.254/16|*.169.254/16"/>
    <property name="user.home" value="/Users/zhanghaojie"/>
    <property name="user.timezone" value="GMT+08:00"/>
    <property name="java.awt.printerjob" value="apple.awt.CPrinterJob"/>
    <property name="java.specification.version" value="1.6"/>
    <property name="file.encoding" value="EUC_CN"/>
    <property name="user.name" value="zhanghaojie"/>
    <property name="java.class.path" value="/Users/zhanghaojie/Documents/workspace/top/rop/target/test-classes:/Users/zhanghaojie/Documents/workspace/top/rop/target/classes:/Users/zhanghaojie/.m2/repository/org/slf4j/slf4j-api/1.6.1/slf4j-api-1.6.1.jar:/Users/zhanghaojie/.m2/repository/org/slf4j/slf4j-log4j12/1.6.1/slf4j-log4j12-1.6.1.jar:/Users/zhanghaojie/.m2/repository/log4j/log4j/1.2.16/log4j-1.2.16.jar:/Users/zhanghaojie/.m2/repository/commons-lang/commons-lang/2.4/commons-lang-2.4.jar:/Users/zhanghaojie/.m2/repository/commons-codec/commons-codec/1.6/commons-codec-1.6.jar:/Users/zhanghaojie/.m2/repository/org/springframework/spring-core/3.1.1.RELEASE/spring-core-3.1.1.RELEASE.jar:/Users/zhanghaojie/.m2/repository/org/springframework/spring-asm/3.1.1.RELEASE/spring-asm-3.1.1.RELEASE.jar:/Users/zhanghaojie/.m2/repository/commons-logging/commons-logging/1.1.1/commons-logging-1.1.1.jar:/Users/zhanghaojie/.m2/repository/org/springframework/spring-context/3.1.1.RELEASE/spring-context-3.1.1.RELEASE.jar:/Users/zhanghaojie/.m2/repository/org/springframework/spring-aop/3.1.1.RELEASE/spring-aop-3.1.1.RELEASE.jar:/Users/zhanghaojie/.m2/repository/org/springframework/spring-beans/3.1.1.RELEASE/spring-beans-3.1.1.RELEASE.jar:/Users/zhanghaojie/.m2/repository/org/springframework/spring-expression/3.1.1.RELEASE/spring-expression-3.1.1.RELEASE.jar:/Users/zhanghaojie/.m2/repository/org/springframework/spring-context-support/3.1.1.RELEASE/spring-context-support-3.1.1.RELEASE.jar:/Users/zhanghaojie/.m2/repository/org/springframework/spring-web/3.1.1.RELEASE/spring-web-3.1.1.RELEASE.jar:/Users/zhanghaojie/.m2/repository/aopalliance/aopalliance/1.0/aopalliance-1.0.jar:/Users/zhanghaojie/.m2/repository/org/springframework/spring-test/3.1.1.RELEASE/spring-test-3.1.1.RELEASE.jar:/Users/zhanghaojie/.m2/repository/org/springframework/spring-webmvc/3.1.1.RELEASE/spring-webmvc-3.1.1.RELEASE.jar:/Users/zhanghaojie/.m2/repository/org/testng/testng/6.3/testng-6.3.jar:/Users/zhanghaojie/.m2/repository/junit/junit/3.8.1/junit-3.8.1.jar:/Users/zhanghaojie/.m2/repository/org/beanshell/bsh/2.0b4/bsh-2.0b4.jar:/Users/zhanghaojie/.m2/repository/com/beust/jcommander/1.12/jcommander-1.12.jar:/Users/zhanghaojie/.m2/repository/org/yaml/snakeyaml/1.6/snakeyaml-1.6.jar:/Users/zhanghaojie/.m2/repository/org/mockito/mockito-all/1.8.5/mockito-all-1.8.5.jar:/Users/zhanghaojie/.m2/repository/javax/servlet/servlet-api/2.5/servlet-api-2.5.jar:/Users/zhanghaojie/.m2/repository/org/unitils/unitils-core/3.3/unitils-core-3.3.jar:/Users/zhanghaojie/.m2/repository/commons-collections/commons-collections/3.2/commons-collections-3.2.jar:/Users/zhanghaojie/.m2/repository/ognl/ognl/2.6.9/ognl-2.6.9.jar:/Users/zhanghaojie/.m2/repository/org/unitils/unitils-testng/3.3/unitils-testng-3.3.jar:/Users/zhanghaojie/.m2/repository/org/testng/testng/5.8/testng-5.8-jdk15.jar:/Users/zhanghaojie/.m2/repository/org/unitils/unitils-spring/3.3/unitils-spring-3.3.jar:/Users/zhanghaojie/.m2/repository/org/springframework/spring-tx/2.5.2/spring-tx-2.5.2.jar:/Users/zhanghaojie/.m2/repository/org/unitils/unitils-database/3.3/unitils-database-3.3.jar:/Users/zhanghaojie/.m2/repository/org/unitils/unitils-dbmaintainer/3.3/unitils-dbmaintainer-3.3.jar:/Users/zhanghaojie/.m2/repository/org/hibernate/hibernate/3.2.5.ga/hibernate-3.2.5.ga.jar:/Users/zhanghaojie/.m2/repository/net/sf/ehcache/ehcache/1.2.3/ehcache-1.2.3.jar:/Users/zhanghaojie/.m2/repository/asm/asm-attrs/1.5.3/asm-attrs-1.5.3.jar:/Users/zhanghaojie/.m2/repository/dom4j/dom4j/1.6.1/dom4j-1.6.1.jar:/Users/zhanghaojie/.m2/repository/antlr/antlr/2.7.6/antlr-2.7.6.jar:/Users/zhanghaojie/.m2/repository/cglib/cglib/2.1_3/cglib-2.1_3.jar:/Users/zhanghaojie/.m2/repository/asm/asm/1.5.3/asm-1.5.3.jar:/Users/zhanghaojie/.m2/repository/org/dbunit/dbunit/2.2.2/dbunit-2.2.2.jar:/Users/zhanghaojie/.m2/repository/junit-addons/junit-addons/1.4/junit-addons-1.4.jar:/Users/zhanghaojie/.m2/repository/xerces/xercesImpl/2.6.2/xercesImpl-2.6.2.jar:/Users/zhanghaojie/.m2/repository/xerces/xmlParserAPIs/2.6.2/xmlParserAPIs-2.6.2.jar:/Users/zhanghaojie/.m2/repository/poi/poi/2.5.1-final-20040804/poi-2.5.1-final-20040804.jar:/Users/zhanghaojie/.m2/repository/org/slf4j/slf4j-nop/1.4.3/slf4j-nop-1.4.3.jar:/Users/zhanghaojie/.m2/repository/commons-dbcp/commons-dbcp/1.2.2/commons-dbcp-1.2.2.jar:/Users/zhanghaojie/.m2/repository/commons-pool/commons-pool/1.3/commons-pool-1.3.jar:/Users/zhanghaojie/.m2/repository/org/springframework/spring-jdbc/2.5.2/spring-jdbc-2.5.2.jar:/Users/zhanghaojie/.m2/repository/javax/validation/validation-api/1.0.0.GA/validation-api-1.0.0.GA.jar:/Users/zhanghaojie/.m2/repository/org/hibernate/hibernate-validator/4.2.0.Final/hibernate-validator-4.2.0.Final.jar:/Users/zhanghaojie/.m2/repository/org/codehaus/jackson/jackson-core-asl/1.9.5/jackson-core-asl-1.9.5.jar:/Users/zhanghaojie/.m2/repository/org/codehaus/jackson/jackson-mapper-asl/1.9.5/jackson-mapper-asl-1.9.5.jar:/Users/zhanghaojie/.m2/repository/org/codehaus/jackson/jackson-jaxrs/1.9.5/jackson-jaxrs-1.9.5.jar:/Users/zhanghaojie/.m2/repository/org/codehaus/jackson/jackson-xc/1.9.5/jackson-xc-1.9.5.jar:/Users/zhanghaojie/.m2/repository/com/fasterxml/jackson/dataformat/jackson-dataformat-xml/2.0.0-RC2/jackson-dataformat-xml-2.0.0-RC2.jar:/Users/zhanghaojie/.m2/repository/com/fasterxml/jackson/core/jackson-core/2.0.0-RC2/jackson-core-2.0.0-RC2.jar:/Users/zhanghaojie/.m2/repository/com/fasterxml/jackson/core/jackson-annotations/2.0.0-RC2/jackson-annotations-2.0.0-RC2.jar:/Users/zhanghaojie/.m2/repository/com/fasterxml/jackson/core/jackson-databind/2.0.0-RC2/jackson-databind-2.0.0-RC2.jar:/Users/zhanghaojie/.m2/repository/com/fasterxml/jackson/module/jackson-module-jaxb-annotations/2.0.0-RC2/jackson-module-jaxb-annotations-2.0.0-RC2.jar:/Users/zhanghaojie/.m2/repository/org/codehaus/woodstox/stax2-api/3.1.1/stax2-api-3.1.1.jar:/Users/zhanghaojie/.m2/repository/javax/xml/stream/stax-api/1.0-2/stax-api-1.0-2.jar:"/>
    <property name="java.vm.specification.version" value="1.0"/>
    <property name="sun.arch.data.model" value="64"/>
    <property name="java.home" value="/System/Library/Java/JavaVirtualMachines/1.6.0.jdk/Contents/Home"/>
    <property name="sun.java.command" value="/Users/zhanghaojie/Documents/workspace/top/rop/target/surefire/surefirebooter7385366477344214023.jar /Users/zhanghaojie/Documents/workspace/top/rop/target/surefire/surefire4366787905049940111tmp /Users/zhanghaojie/Documents/workspace/top/rop/target/surefire/surefire5180221250426664665tmp"/>
    <property name="java.specification.vendor" value="Sun Microsystems Inc."/>
    <property name="user.language" value="zh"/>
    <property name="awt.toolkit" value="apple.awt.CToolkit"/>
    <property name="java.vm.info" value="mixed mode"/>
    <property name="java.version" value="1.6.0_35"/>
    <property name="java.ext.dirs" value="/Library/Java/Extensions:/System/Library/Java/Extensions:/System/Library/Java/JavaVirtualMachines/1.6.0.jdk/Contents/Home/lib/ext"/>
    <property name="sun.boot.class.path" value="/System/Library/Java/JavaVirtualMachines/1.6.0.jdk/Contents/Classes/jsfd.jar:/System/Library/Java/JavaVirtualMachines/1.6.0.jdk/Contents/Classes/classes.jar:/System/Library/Frameworks/JavaVM.framework/Frameworks/JavaRuntimeSupport.framework/Resources/Java/JavaRuntimeSupport.jar:/System/Library/Java/JavaVirtualMachines/1.6.0.jdk/Contents/Classes/ui.jar:/System/Library/Java/JavaVirtualMachines/1.6.0.jdk/Contents/Classes/laf.jar:/System/Library/Java/JavaVirtualMachines/1.6.0.jdk/Contents/Classes/sunrsasign.jar:/System/Library/Java/JavaVirtualMachines/1.6.0.jdk/Contents/Classes/jsse.jar:/System/Library/Java/JavaVirtualMachines/1.6.0.jdk/Contents/Classes/jce.jar:/System/Library/Java/JavaVirtualMachines/1.6.0.jdk/Contents/Classes/charsets.jar"/>
    <property name="java.vendor" value="Apple Inc."/>
    <property name="localRepository" value="/Users/zhanghaojie/.m2/repository"/>
    <property name="file.separator" value="/"/>
    <property name="java.vendor.url.bug" value="http://bugreport.apple.com/"/>
    <property name="sun.cpu.endian" value="little"/>
    <property name="sun.io.unicode.encoding" value="UnicodeLittle"/>
    <property name="mrj.version" value="1070.1.6.0_35-428"/>
    <property name="socksNonProxyHosts" value="local|*.local|169.254/16|*.169.254/16"/>
    <property name="ftp.nonProxyHosts" value="local|*.local|169.254/16|*.169.254/16"/>
    <property name="sun.cpu.isalist" value=""/>
  </properties>
  <testcase time="0.002" classname="com.rop.annotation.HttpActionTest" name="invalidValueOf"/>
  <testcase time="0.002" classname="com.rop.annotation.HttpActionTest" name="testValueOf"/>
  <testcase time="0" classname="com.rop.client.DefaultRopClientTest" name="testPostWithSession"/>
  <testcase time="0.207" classname="com.rop.concurrent.FetureTest" name="testFetureInterrupt"/>
  <testcase time="0.003" classname="com.rop.impl.DefaultRopContextTest" name="annotationTest"/>
  <testcase time="0.195" classname="com.rop.impl.DefaultRopContextTest" name="testWithGroupService"/>
  <testcase time="0.002" classname="com.rop.impl.DefaultRopContextTest" name="testWithoutGroupService"/>
  <testcase time="0.004" classname="com.rop.impl.DefaultRopContextTest" name="testIngoreSignField"/>
  <testcase time="0.389" classname="com.rop.impl.FormattingConversionServiceTest" name="testDoBind"/>
  <testcase time="0.079" classname="com.rop.impl.RopRequestMessageConverterTest" name="testConvertOfJsonFormat"/>
  <testcase time="0.001" classname="com.rop.impl.RopRequestMessageConverterTest" name="testConvertOfXmlFormat"/>
  <testcase time="0.001" classname="com.rop.impl.ServletRequestContextBuilderTest" name="testBindBusinessParams"/>
  <testcase time="0.026" classname="com.rop.impl.ServletRequestContextBuilderTest" name="testBuildBySysParams1"/>
  <testcase time="0.001" classname="com.rop.impl.ServletRequestContextBuilderTest" name="testBuildBySysParams2"/>
  <testcase time="0" classname="com.rop.impl.ServletRequestContextBuilderTest" name="testBuildBySysParams3"/>
  <testcase time="0.001" classname="com.rop.impl.ServletRequestContextBuilderTest" name="testIpParsed"/>
  <testcase time="0.009" classname="com.rop.marshaller.JaxbXmlRopResponseMarshallerTest" name="buildMarshaller"/>
  <testcase time="0.261" classname="com.rop.marshaller.MessageMarshallerUtilsTest" name="testMarshallerRopRequest"/>
  <testcase time="0.008" classname="com.rop.marshaller.MessageMarshallerUtilsTest" name="testMarshallerRopResponse"/>
  <testcase time="0" classname="com.rop.other.ClassTest" name="testAssignableFrom"/>
  <testcase time="0.002" classname="com.rop.other.ClassTest" name="modeInt"/>
  <testcase time="0" classname="com.rop.other.FunctionTest" name="testArrayToList"/>
  <testcase time="0" classname="com.rop.other.FunctionTest" name="testStringSplit"/>
</testsuite>